<?xml version="1.0" encoding="UTF-8"?>
<testng-results skipped="0" failed="0" total="1" passed="1">
  <reporter-output>
  </reporter-output>
  <suite name="Default suite" duration-ms="109498" started-at="2015-06-22T11:23:06Z" finished-at="2015-06-22T11:24:55Z">
    <groups>
    </groups>
    <test name="Default test" duration-ms="109498" started-at="2015-06-22T11:23:06Z" finished-at="2015-06-22T11:24:55Z">
      <class name="DocuTrackerPac.NewTest">
        <test-method status="PASS" signature="CreateISDADraft()[pri:0, instance:DocuTrackerPac.NewTest@1d99928]" name="CreateISDADraft" duration-ms="109488" started-at="2015-06-22T16:53:06Z" finished-at="2015-06-22T16:54:55Z">
          <reporter-output>
          </reporter-output>
        </test-method> <!-- CreateISDADraft -->
      </class> <!-- DocuTrackerPac.NewTest -->
    </test> <!-- Default test -->
  </suite> <!-- Default suite -->
</testng-results>
